100010 2014-09-07 23:50:21 取现 15000.0 150.0 15150.0 -150.0
100010 2014-09-07 23:53:32 还款 -14000.0 0 -14000.0 14000.0
100010 2014-09-07 23:53:52 还款 -1150.0 0 -1150.0 15150.0
100010 2014-09-08 00:00:21 还款 -100000.0 0 -100000.0 115150.0
100010 2014-09-08 00:05:12 取现 11.0 0.11 11.11 115138.89
100010 2014-09-08 00:05:12 取现 1123.0 11.23 1134.23 114015.77
100010 2014-09-08 00:05:12 取现 123.0 1.23 124.23 115025.77
100010 2014-09-08 00:05:12 取现 123.0 1.23 124.23 115025.77
100010 2014-09-08 00:05:12 取现 413.0 4.13 417.13 114732.87
100010 2014-09-08 00:05:12 取现 123.0 1.23 124.23 115025.77
100010 2014-09-08 00:05:12 取现 213.0 2.13 215.13 114934.87
100010 2014-09-08 00:05:12 取现 12.0 0.12 12.12 115137.88
100010 2014-09-08 00:05:12 取现 312.0 3.12 315.12 114834.88
100010 2014-09-08 00:05:12 取现 3.0 0.03 3.03 115146.97
100010 2014-09-08 00:05:12 取现 123.0 1.23 124.23 115025.77
100010 2014-09-08 00:05:12 取现 123.0 1.23 124.23 115025.77
100010 2014-09-08 00:05:12 取现 123.0 1.23 124.23 115025.77
100010 2014-09-08 00:05:12 取现 123.0 1.23 124.23 115025.77
100010 2014-09-08 00:05:12 取现 123.0 1.23 124.23 115025.77
100010 2014-09-08 00:06:22 取现 123.0 1.23 124.23 114901.54
100010 2014-09-08 00:06:22 取现 23.0 0.23 23.23 115002.54
100010 2014-09-08 00:06:22 取现 23.0 0.23 23.23 115002.54
100010 2014-09-08 00:06:22 取现 23.0 0.23 23.23 115002.54
100010 2014-09-08 00:06:32 取现 123.0 1.23 124.23 114878.31
100010 2014-09-08 00:06:36 取现 123.0 1.23 124.23 114754.08
100010 2014-09-08 00:06:39 取现 123.0 1.23 124.23 114629.85
100010 2014-09-08 00:14:17 取现 96331.0 963.31 97294.31 17335.54
100010 2014-09-08 00:14:44 消费:iphone 4999.0 0 4999 12336.54
100010 2014-09-08 00:14:50 消费:iphone 4999.0 0 4999 7337.54
100010 2014-09-08 00:14:53 消费:iphone 4999.0 0 4999 2338.54
100010 2014-09-08 00:14:55 消费:drinks 100.0 0 100 2238.54
100010 2014-09-08 00:14:57 消费:books 55.55 0 55.55 2182.99
100010 2014-09-08 00:15:02 消费:books 55.55 0 55.55 2127.44
100010 2014-09-08 00:15:07 消费:meizu 2000.0 0 2000 127.44
